version: (200506)

available memory: 64M bytes
used memory: 3M bytes [need 3M bytes if disable swap]

used block: 141 [memory(141) file(0)]
                 [ 8K(121) 64K(20) { total 3M bytes } ]
overhead: (22816) bytes for (141) blocks [Average: (161) bytes/block]

write  => 0(times) 0K(bytes) [0K bytes to file]
read   => 20(times) 920K(bytes) [176K bytes compressed data from file]
access => 462793(times) 3956M(bytes)
          [hit ratio: 99.9957%]

time: write(0) read(0)  unit: second

swap file directory: (/media/mrx/share_space/TRI_ANGLE/sim/DUAL_PORT_ENV/FADD_40_ENV/verdiLog)
used swap file number: (13)



swap file manager:
arrSize: (256)
idxCnt: (15)
closeHead: (4)
closeTail: (2)
openCnt: (10)
fid(14): fd(0) fileName(/media/mrx/share_space/TRI_ANGLE/sim/DUAL_PORT_ENV/FADD_40_ENV/simv.daidir/kdb.elab++/work.lib++/uvm_tr_database.svh#inc__uvm_pkg__37#.tdc)
	size(23077) lastModTime(1712924153) curModTime(1712924153)
	mode(rb)	hot(0) cool(0) pos(0)
fid(13): fd(1073741833) fileName(/media/mrx/share_space/TRI_ANGLE/sim/DUAL_PORT_ENV/FADD_40_ENV/simv.daidir/kdb.elab++/work.lib++/uvm_component.svh#inc__uvm_pkg__58#.tdc)
	size(149674) lastModTime(1712924153) curModTime(1712924153)
	mode(rb)	hot(2) cool(12) pos(0)
fid(12): fd(1073741824) fileName(/media/mrx/share_space/TRI_ANGLE/sim/DUAL_PORT_ENV/FADD_40_ENV/simv.daidir/kdb.elab++/work.lib++/uvm_globals.svh#inc__uvm_pkg__62#.tdc)
	size(22567) lastModTime(1712924153) curModTime(1712924153)
	mode(rb)	hot(13) cool(11) pos(0)
fid(11): fd(1073741832) fileName(/media/mrx/share_space/TRI_ANGLE/sim/DUAL_PORT_ENV/FADD_40_ENV/simv.daidir/kdb.elab++/work.lib++/top_tb.sv.tdc)
	size(3027) lastModTime(1712924153) curModTime(1712924153)
	mode(rb)	hot(12) cool(10) pos(0)
fid(10): fd(1073741831) fileName(/media/mrx/share_space/TRI_ANGLE/sim/DUAL_PORT_ENV/FADD_40_ENV/simv.daidir/kdb.elab++/work.lib++/uvm_verdi_factory.svh#inc__uvm_custom_install_verdi_recording__159#.tdc)
	size(7582) lastModTime(1712924153) curModTime(1712924153)
	mode(rb)	hot(11) cool(9) pos(0)
fid(9): fd(1073741830) fileName(/media/mrx/share_space/TRI_ANGLE/sim/DUAL_PORT_ENV/FADD_40_ENV/simv.daidir/kdb.elab++/work.lib++/uvm_recorder.svh#inc__uvm_pkg__39#.tdc)
	size(40684) lastModTime(1712924153) curModTime(1712924153)
	mode(rb)	hot(10) cool(7) pos(0)
fid(8): fd(0) fileName(/media/mrx/share_space/TRI_ANGLE/sim/DUAL_PORT_ENV/FADD_40_ENV/simv.daidir/kdb.elab++/work.lib++/uvm_sequencer.svh#inc__uvm_pkg__102#.tdc)
	size(12657) lastModTime(1712924153) curModTime(1712924153)
	mode(rb)	hot(0) cool(0) pos(0)
fid(7): fd(1073741829) fileName(/media/mrx/share_space/TRI_ANGLE/sim/DUAL_PORT_ENV/FADD_40_ENV/simv.daidir/kdb.elab++/work.lib++/uvm_sqr_connections.svh#inc__uvm_pkg__82#.tdc)
	size(6765) lastModTime(1712924153) curModTime(1712924153)
	mode(rb)	hot(9) cool(6) pos(0)
fid(6): fd(1073741828) fileName(/media/mrx/share_space/TRI_ANGLE/sim/DUAL_PORT_ENV/FADD_40_ENV/simv.daidir/kdb.elab++/work.lib++/virtual_sequencer.sv.tdc)
	size(1545) lastModTime(1712924153) curModTime(1712924153)
	mode(rb)	hot(7) cool(5) pos(0)
fid(5): fd(1073741827) fileName(/media/mrx/share_space/TRI_ANGLE/sim/DUAL_PORT_ENV/FADD_40_ENV/simv.daidir/kdb.elab++/work.lib++/uvm_root.svh#inc__uvm_pkg__59#.tdc)
	size(44063) lastModTime(1712924153) curModTime(1712924153)
	mode(rb)	hot(6) cool(4) pos(0)
fid(4): fd(1073741826) fileName(/media/mrx/share_space/TRI_ANGLE/sim/DUAL_PORT_ENV/FADD_40_ENV/simv.daidir/kdb.elab++/work.lib++/FADD_N40.v.tdc)
	size(4062) lastModTime(1712924153) curModTime(1712924153)
	mode(rb)	hot(5) cool(3) pos(0)
fid(3): fd(0) fileName(/media/mrx/share_space/TRI_ANGLE/sim/DUAL_PORT_ENV/FADD_40_ENV/simv.daidir/kdb.elab++/work.lib++/uvm_custom_install_verdi_recorder.sv.tdc)
	size(13397) lastModTime(1712924153) curModTime(1712924153)
	mode(rb)	hot(4) cool(1) pos(13397)
fid(2): fd(37) fileName(/media/mrx/share_space/TRI_ANGLE/sim/DUAL_PORT_ENV/FADD_40_ENV/verdiLog/_swap_0001#1917237334#137670)
	size(0) lastModTime(0) curModTime(1712924168)
	mode(r+b)	hot(3) cool(13) pos(0)
fid(1): fd(0) fileName(/media/mrx/share_space/TRI_ANGLE/sim/DUAL_PORT_ENV/FADD_40_ENV/simv.daidir/kdb.elab++/work.lib++/tree.v.tdc)
	size(19680) lastModTime(1712924153) curModTime(1712924153)
	mode(rb)	hot(3) cool(0) pos(19680)
fid(0): fd(0) fileName(NULL)
	mode(NULL)	hot(0) cool(0) pos(0)
==================================================
mySelf(14e54ac0) pre(12babb90) next(0)
version(200506)
date(Feb 11 2019 22:10:27)
